2022-06-14 23:53, success
2022-06-15 00:06, success
2022-06-15 00:28, success
2022-06-15 00:53, success
2022-06-15 01:31, success
2022-06-15 02:25, success
2022-06-15 03:15, success
2022-06-15 03:48, success
2022-06-15 04:08, success
2022-06-15 04:24, success
2022-06-15 04:42, success
2022-06-15 04:58, success
2022-06-15 05:10, success
2022-06-15 05:23, success
2022-06-15 05:35, failed
2022-06-15 05:43, success
2022-06-15 05:51, success
2022-06-15 05:59, success
2022-06-15 06:10, success
2022-06-15 06:24, success
2022-06-15 06:37, success
2022-06-15 06:48, success
2022-06-15 06:56, success
2022-06-15 07:06, success
2022-06-15 07:18, success
2022-06-15 07:29, success
2022-06-15 07:38, success
2022-06-15 07:46, success
2022-06-15 07:54, success
2022-06-15 08:04, success
2022-06-15 08:16, success
2022-06-15 08:32, success
2022-06-15 08:44, success
2022-06-15 08:52, success
2022-06-15 09:01, success
2022-06-15 09:12, success
2022-06-15 09:25, success
2022-06-15 09:35, success
2022-06-15 09:44, success
2022-06-15 09:52, success
2022-06-15 10:00, success
2022-06-15 10:11, success
2022-06-15 10:26, success
2022-06-15 10:38, success
2022-06-15 10:47, success
2022-06-15 10:55, success
2022-06-15 11:05, success
2022-06-15T11:17:24+00:00, success
2022-06-15T11:28:11+00:00, success
2022-06-15T11:37:03+00:00, success
2022-06-15T11:45:06+00:00, success
2022-06-15T11:53:24+00:00, success
2022-06-15T12:02:41+00:00, success
2022-06-15T12:17:10+00:00, success
2022-06-15T12:32:04+00:00, success
2022-06-15T12:52:46+00:00, success
2022-06-15T13:12:52+00:00, success
2022-06-15T13:29:52+00:00, success
2022-06-15T13:47:15+00:00, success
2022-06-15T13:57:09+00:00, success
2022-06-15T14:07:21+00:00, success
2022-06-15T14:19:00+00:00, success
2022-06-15T14:29:05+00:00, success
2022-06-15T14:37:45+00:00, success
2022-06-15T14:45:52+00:00, success
2022-06-15T14:53:51+00:00, success
2022-06-15T15:02:53+00:00, success
2022-06-15T15:14:05+00:00, success
2022-06-15T15:27:47+00:00, success
2022-06-15T15:38:54+00:00, success
2022-06-15T15:48:38+00:00, success
2022-06-15T15:56:41+00:00, success
2022-06-15T16:06:34+00:00, success
2022-06-15T16:19:22+00:00, success
2022-06-15T16:36:01+00:00, success
2022-06-15T16:50:41+00:00, success
2022-06-15T17:01:41+00:00, success
2022-06-15T17:13:11+00:00, success
2022-06-15T17:26:10+00:00, success
2022-06-15T17:36:20+00:00, success
2022-06-15T17:44:42+00:00, success
2022-06-15T17:52:44+00:00, success
2022-06-15T18:01:03+00:00, success
2022-06-15T18:12:04+00:00, success
2022-06-15T18:26:27+00:00, success
2022-06-15T18:40:39+00:00, success
2022-06-15T18:50:20+00:00, success
2022-06-15T18:58:25+00:00, success
2022-06-15T19:08:20+00:00, success
2022-06-15T19:19:42+00:00, success
2022-06-15T19:28:26+00:00, success
2022-06-15T19:36:41+00:00, success
2022-06-15T19:44:42+00:00, success
2022-06-15T19:52:57+00:00, success
2022-06-15T20:01:36+00:00, success
2022-06-15T20:13:01+00:00, failed
2022-06-15T20:26:24+00:00, success
2022-06-15T20:36:57+00:00, success
2022-06-15T20:45:43+00:00, success
2022-06-15T20:53:45+00:00, success
2022-06-15T21:02:30+00:00, success
2022-06-15T21:13:07+00:00, success
2022-06-15T21:24:11+00:00, success
2022-06-15T21:33:03+00:00, success
2022-06-15T21:41:35+00:00, success
2022-06-15T21:49:36+00:00, success
2022-06-15T21:57:43+00:00, success
2022-06-15T22:07:41+00:00, success
2022-06-15T22:20:14+00:00, success
2022-06-15T22:31:38+00:00, success
2022-06-15T22:40:46+00:00, success
2022-06-15T22:48:54+00:00, success
2022-06-15T22:56:56+00:00, success
2022-06-15T23:06:46+00:00, success
2022-06-15T23:18:58+00:00, success
2022-06-15T23:29:56+00:00, success
2022-06-15T23:39:27+00:00, success
2022-06-15T23:47:28+00:00, success
2022-06-15T23:55:32+00:00, success
2022-06-16T00:19:45+00:00, success
2022-06-16T00:40:51+00:00, success
2022-06-16T01:11:39+00:00, success
2022-06-16T01:56:55+00:00, success
2022-06-16T02:46:25+00:00, success
2022-06-16T03:19:46+00:00, success
2022-06-16T03:44:00+00:00, success
2022-06-16T04:04:12+00:00, success
2022-06-16T04:19:36+00:00, success
2022-06-16T04:37:57+00:00, success
2022-06-16T04:53:40+00:00, success
2022-06-16T05:04:54+00:00, success
2022-06-16T05:16:57+00:00, success
2022-06-16T05:29:11+00:00, success
2022-06-16T05:38:34+00:00, success
2022-06-16T05:46:38+00:00, success
2022-06-16T05:54:41+00:00, success
2022-06-16T06:04:03+00:00, success
2022-06-16T06:15:54+00:00, success
2022-06-16T06:30:13+00:00, success
2022-06-16T06:41:49+00:00, success
2022-06-16T06:51:50+00:00, success
2022-06-16T06:59:56+00:00, success
2022-06-16T07:10:37+00:00, success
2022-06-16T07:22:41+00:00, success
2022-06-16T07:32:07+00:00, success
2022-06-16T07:40:31+00:00, success
2022-06-16T07:48:31+00:00, success
2022-06-16T07:57:13+00:00, success
2022-06-16T08:06:39+00:00, success
2022-06-16T08:19:54+00:00, success
2022-06-16T08:35:50+00:00, success
2022-06-16T08:48:35+00:00, success
2022-06-16T08:57:31+00:00, success
2022-06-16T09:07:33+00:00, success
2022-06-16T09:20:17+00:00, success
2022-06-16T09:32:11+00:00, success
2022-06-16T09:42:16+00:00, success
2022-06-16T09:50:14+00:00, success
2022-06-16T09:58:12+00:00, success
2022-06-16T10:08:27+00:00, success
2022-06-16T10:22:00+00:00, success
2022-06-16T10:35:14+00:00, failed
2022-06-16T10:45:04+00:00, success
2022-06-16T10:53:06+00:00, success
2022-06-16T11:01:26+00:00, success
2022-06-16T11:11:48+00:00, success
2022-06-16T11:22:36+00:00, success
2022-06-16T11:33:56+00:00, success
2022-06-16T11:39:02+00:00, success
2022-06-16T11:47:12+00:00, success
2022-06-16T11:55:26+00:00, success
2022-06-16T12:06:29+00:00, success
2022-06-16T12:20:23+00:00, success
2022-06-16T12:39:42+00:00, success
2022-06-16T13:01:12+00:00, success
2022-06-16T13:20:23+00:00, success
2022-06-16T13:39:26+00:00, success
2022-06-16T13:53:15+00:00, success
2022-06-16T14:01:45+00:00, success
2022-06-16T14:12:25+00:00, success
2022-06-16T14:23:53+00:00, failed
2022-06-16T14:32:23+00:00, success
2022-06-16T14:40:58+00:00, success
2022-06-16T14:48:59+00:00, success
2022-06-16T14:57:08+00:00, success
2022-06-16T15:07:06+00:00, success
2022-06-16T15:19:22+00:00, success
2022-06-16T15:32:22+00:00, success
2022-06-16T15:42:47+00:00, success
2022-06-16T15:51:27+00:00, success
2022-06-16T15:59:23+00:00, success
2022-06-16T16:10:35+00:00, success
2022-06-16T16:25:16+00:00, success
2022-06-16T16:43:05+00:00, success
2022-06-16T16:58:27+00:00, success
2022-06-16T17:10:15+00:00, success
2022-06-16T17:23:56+00:00, success
2022-06-16T17:36:19+00:00, success
2022-06-16T17:45:38+00:00, success
2022-06-16T17:53:42+00:00, success
2022-06-16T18:07:19+00:00, success
2022-06-16T18:14:27+00:00, success
2022-06-16T18:31:37+00:00, success
2022-06-16T18:42:10+00:00, success
2022-06-16T18:52:19+00:00, success
2022-06-16T19:00:20+00:00, success
2022-06-16T19:10:15+00:00, success
2022-06-16T19:20:01+00:00, success
2022-06-16T19:28:03+00:00, success
2022-06-16T19:36:20+00:00, success
2022-06-16T19:44:27+00:00, success
2022-06-16T19:52:40+00:00, success
2022-06-16T20:01:00+00:00, success
2022-06-16T20:11:57+00:00, success
2022-06-16T20:25:38+00:00, success
2022-06-16T20:36:11+00:00, success
2022-06-16T20:45:05+00:00, success
2022-06-16T20:53:06+00:00, success
2022-06-16T21:01:35+00:00, success
2022-06-16T21:12:13+00:00, success
2022-06-16T21:23:24+00:00, success
2022-06-16T21:32:20+00:00, success
2022-06-16T21:40:57+00:00, success
2022-06-16T21:53:17+00:00, success
2022-06-16T21:57:16+00:00, success
2022-06-16T22:07:18+00:00, success
2022-06-16T22:19:33+00:00, success
2022-06-16T22:30:50+00:00, success
2022-06-16T22:40:09+00:00, success
2022-06-16T22:48:14+00:00, success
2022-06-16T22:56:15+00:00, success
2022-06-16T23:06:08+00:00, success
2022-06-16T23:18:20+00:00, success
2022-06-16T23:29:43+00:00, success
2022-06-16T23:38:54+00:00, success
2022-06-16T23:46:54+00:00, success
2022-06-16T23:55:02+00:00, success
2022-06-17T00:15:03+00:00, success
2022-06-17T00:34:05+00:00, success
2022-06-17T01:01:55+00:00, success
2022-06-17T01:42:28+00:00, success
2022-06-17T02:31:55+00:00, success
2022-06-17T03:13:22+00:00, success
2022-06-17T03:41:31+00:00, success
2022-06-17T04:01:39+00:00, success
2022-06-17T04:17:21+00:00, success
2022-06-17T04:34:54+00:00, success
2022-06-17T04:51:15+00:00, success
2022-06-17T05:02:08+00:00, success
2022-06-17T05:13:44+00:00, success
2022-06-17T05:31:13+00:00, success
2022-06-17T05:40:16+00:00, success
2022-06-17T05:45:57+00:00, success
2022-06-17T05:51:58+00:00, success
2022-06-17T06:00:13+00:00, success
2022-06-17T06:11:38+00:00, success
2022-06-17T06:25:55+00:00, success
2022-06-17T06:39:23+00:00, success
2022-06-17T06:49:45+00:00, success
2022-06-17T06:57:53+00:00, success
2022-06-17T07:12:13+00:00, success
2022-06-17T07:25:25+00:00, success
2022-06-17T07:30:05+00:00, success
2022-06-17T07:42:12+00:00, success
2022-06-17T07:47:35+00:00, success
2022-06-17T07:55:43+00:00, success
2022-06-17T08:05:47+00:00, success
2022-06-17T08:22:06+00:00, success
2022-06-17T08:33:16+00:00, success
2022-06-17T08:46:28+00:00, success
2022-06-17T08:53:09+00:00, success
2022-06-17T09:01:29+00:00, success
2022-06-17T09:13:01+00:00, success
2022-06-17T09:25:39+00:00, success
2022-06-17T09:35:51+00:00, success
2022-06-17T09:44:44+00:00, success
2022-06-17T09:52:45+00:00, success
2022-06-17T10:01:05+00:00, success
2022-06-17T10:11:54+00:00, success
2022-06-17T10:25:52+00:00, success
2022-06-17T10:36:52+00:00, success
2022-06-17T10:45:47+00:00, success
2022-06-17T10:53:50+00:00, success
2022-06-17T11:02:48+00:00, success
2022-06-17T11:13:36+00:00, success
2022-06-17T11:24:22+00:00, success
2022-06-17T11:32:42+00:00, success
2022-06-17T11:40:44+00:00, success
2022-06-17T11:48:51+00:00, success
2022-06-17T11:56:58+00:00, success
2022-06-17T12:09:24+00:00, success
2022-06-17T12:26:34+00:00, success
2022-06-17T12:44:49+00:00, success
2022-06-17T13:05:50+00:00, success
2022-06-17T13:19:59+00:00, success
2022-06-17T13:37:53+00:00, success
2022-06-17T13:55:15+00:00, success
2022-06-17T13:58:21+00:00, success
2022-06-17T14:08:23+00:00, success
2022-06-17T14:20:54+00:00, success
2022-06-17T14:35:17+00:00, success
2022-06-17T14:40:14+00:00, success
2022-06-17T14:53:16+00:00, success
2022-06-17T14:56:23+00:00, success
2022-06-17T15:06:10+00:00, success
2022-06-17T15:18:23+00:00, success
2022-06-17T15:36:38+00:00, failed
2022-06-17T15:46:15+00:00, success
2022-06-17T15:50:30+00:00, success
2022-06-17T15:58:31+00:00, success
2022-06-17T16:09:04+00:00, success
2022-06-17T16:23:04+00:00, success
2022-06-17T16:40:06+00:00, success
2022-06-17T16:59:13+00:00, success
2022-06-17T17:05:27+00:00, success
2022-06-17T17:17:33+00:00, success
2022-06-17T17:29:43+00:00, success
2022-06-17T17:39:06+00:00, success
2022-06-17T17:47:07+00:00, success
2022-06-17T17:55:09+00:00, success
2022-06-17T18:04:43+00:00, success
2022-06-17T18:17:01+00:00, success
2022-06-17T18:32:07+00:00, success
2022-06-17T18:43:50+00:00, success
2022-06-17T18:53:59+00:00, success
2022-06-17T19:02:44+00:00, success
2022-06-17T19:13:26+00:00, success
2022-06-17T19:23:24+00:00, success
2022-06-17T19:31:33+00:00, success
2022-06-17T19:41:12+00:00, success
2022-06-17T19:47:36+00:00, success
2022-06-17T19:56:02+00:00, success
2022-06-17T20:05:05+00:00, success
2022-06-17T20:16:45+00:00, success
2022-06-17T20:28:26+00:00, success
2022-06-17T20:37:36+00:00, success
2022-06-17T20:45:35+00:00, success
2022-06-17T20:53:41+00:00, success
2022-06-17T21:03:02+00:00, success
2022-06-17T21:13:50+00:00, success
2022-06-17T21:24:45+00:00, success
2022-06-17T21:33:36+00:00, success
2022-06-17T21:42:01+00:00, success
2022-06-17T21:50:01+00:00, success
2022-06-17T21:58:12+00:00, success
2022-06-17T22:08:21+00:00, success
2022-06-17T22:20:45+00:00, success
2022-06-17T22:31:31+00:00, success
2022-06-17T22:40:44+00:00, success
2022-06-17T22:48:44+00:00, success
2022-06-17T22:56:53+00:00, success
2022-06-17T23:06:44+00:00, success
2022-06-17T23:18:42+00:00, success
2022-06-17T23:29:27+00:00, success
2022-06-17T23:38:28+00:00, success
2022-06-17T23:46:26+00:00, success
2022-06-17T23:54:30+00:00, success
2022-06-18T00:14:41+00:00, success
2022-06-18T00:38:12+00:00, success
2022-06-18T01:01:45+00:00, success
2022-06-18T01:42:03+00:00, success
2022-06-18T02:31:41+00:00, success
2022-06-18T03:11:35+00:00, success
2022-06-18T03:36:04+00:00, success
2022-06-18T03:54:47+00:00, success
2022-06-18T04:07:49+00:00, success
2022-06-18T04:21:23+00:00, success
2022-06-18T04:36:33+00:00, success
2022-06-18T04:49:09+00:00, success
2022-06-18T04:57:57+00:00, success
2022-06-18T05:07:42+00:00, success
2022-06-18T05:19:31+00:00, success
2022-06-18T05:29:09+00:00, success
2022-06-18T05:37:31+00:00, success
2022-06-18T05:45:32+00:00, success
2022-06-18T05:53:33+00:00, success
2022-06-18T06:02:30+00:00, success
2022-06-18T06:13:59+00:00, success
2022-06-18T06:28:08+00:00, success
2022-06-18T06:39:50+00:00, success
2022-06-18T06:49:40+00:00, success
2022-06-18T06:57:41+00:00, success
2022-06-18T07:07:33+00:00, success
2022-06-18T07:19:26+00:00, success
2022-06-18T07:29:03+00:00, success
2022-06-18T07:37:15+00:00, success
2022-06-18T07:45:20+00:00, success
2022-06-18T07:53:31+00:00, success
2022-06-18T08:02:29+00:00, success
2022-06-18T08:14:05+00:00, success
2022-06-18T08:28:37+00:00, success
2022-06-18T08:39:19+00:00, success
2022-06-18T08:48:23+00:00, success
2022-06-18T08:56:24+00:00, success
2022-06-18T09:06:02+00:00, success
2022-06-18T09:17:36+00:00, success
2022-06-18T09:28:11+00:00, success
2022-06-18T09:37:08+00:00, success
2022-06-18T09:45:05+00:00, success
2022-06-18T09:53:08+00:00, success
2022-06-18T10:01:44+00:00, success
2022-06-18T10:12:43+00:00, success
2022-06-18T10:25:32+00:00, success
2022-06-18T10:35:45+00:00, success
2022-06-18T10:44:14+00:00, success
2022-06-18T10:52:18+00:00, success
2022-06-18T11:00:38+00:00, success
2022-06-18T11:10:40+00:00, success
2022-06-18T11:21:19+00:00, success
2022-06-18T11:29:57+00:00, success
2022-06-18T11:38:10+00:00, success
2022-06-18T11:46:10+00:00, success
2022-06-18T11:54:18+00:00, success
2022-06-18T12:04:36+00:00, success
2022-06-18T12:17:15+00:00, success
2022-06-18T12:34:18+00:00, success
2022-06-18T12:51:07+00:00, success
2022-06-18T13:04:32+00:00, success
2022-06-18T13:17:53+00:00, success
2022-06-18T13:32:00+00:00, success
2022-06-18T13:42:11+00:00, success
2022-06-18T13:50:13+00:00, success
2022-06-18T13:58:18+00:00, success
2022-06-18T14:08:18+00:00, success
2022-06-18T14:20:04+00:00, success
2022-06-18T14:29:23+00:00, success
2022-06-18T14:37:49+00:00, success
2022-06-18T14:45:57+00:00, success
2022-06-18T14:54:00+00:00, success
2022-06-18T15:02:53+00:00, success
2022-06-18T15:14:04+00:00, success
2022-06-18T15:26:19+00:00, success
2022-06-18T15:37:16+00:00, success
2022-06-18T15:45:09+00:00, success
2022-06-18T15:53:10+00:00, success
2022-06-18T16:06:24+00:00, success
2022-06-18T16:13:29+00:00, success
2022-06-18T16:28:25+00:00, success
2022-06-18T16:43:33+00:00, success
2022-06-18T16:55:38+00:00, success
2022-06-18T17:05:04+00:00, success
2022-06-18T17:16:28+00:00, success
2022-06-18T17:27:36+00:00, success
2022-06-18T17:36:26+00:00, success
2022-06-18T17:44:31+00:00, success
2022-06-18T17:52:37+00:00, success
2022-06-18T18:00:59+00:00, success
2022-06-18T18:12:04+00:00, success
2022-06-18T18:26:08+00:00, success
2022-06-18T18:37:54+00:00, success
2022-06-18T18:47:49+00:00, success
2022-06-18T18:55:49+00:00, success
2022-06-18T19:05:09+00:00, success
2022-06-18T19:16:10+00:00, success
2022-06-18T19:25:24+00:00, success
2022-06-18T19:33:40+00:00, success
2022-06-18T19:41:41+00:00, success
2022-06-18T19:49:48+00:00, success
2022-06-18T19:57:46+00:00, success
2022-06-18T20:07:55+00:00, success
2022-06-18T20:20:08+00:00, success
2022-06-18T20:30:42+00:00, success
2022-06-18T20:39:45+00:00, success
2022-06-18T20:47:45+00:00, success
2022-06-18T20:55:48+00:00, success
2022-06-18T21:05:24+00:00, success
2022-06-18T21:16:43+00:00, success
2022-06-18T21:27:02+00:00, success
2022-06-18T21:35:46+00:00, success
2022-06-18T21:43:42+00:00, success
2022-06-18T21:51:48+00:00, success
2022-06-18T21:59:47+00:00, success
2022-06-18T22:10:13+00:00, success
2022-06-18T22:22:17+00:00, success
2022-06-18T22:32:04+00:00, success
2022-06-18T22:40:48+00:00, success
2022-06-18T22:48:57+00:00, success
2022-06-18T22:56:59+00:00, success
2022-06-18T23:06:40+00:00, success
2022-06-18T23:18:31+00:00, success
2022-06-18T23:28:53+00:00, success
2022-06-18T23:37:40+00:00, success
2022-06-18T23:45:40+00:00, success
2022-06-18T23:53:46+00:00, success
2022-06-19T00:09:06+00:00, success
2022-06-19T00:26:38+00:00, success
2022-06-19T00:50:54+00:00, success
2022-06-19T01:27:45+00:00, success
2022-06-19T02:19:54+00:00, success
2022-06-19T03:10:16+00:00, success
2022-06-19T03:45:28+00:00, success
2022-06-19T04:05:28+00:00, success
2022-06-19T04:19:51+00:00, success
2022-06-19T04:37:17+00:00, success
2022-06-19T04:52:11+00:00, success
2022-06-19T05:02:21+00:00, success
2022-06-19T05:13:39+00:00, success
2022-06-19T05:25:37+00:00, success
2022-06-19T05:34:39+00:00, success
2022-06-19T05:42:39+00:00, success
2022-06-19T05:50:44+00:00, success
2022-06-19T05:58:51+00:00, success
2022-06-19T06:09:25+00:00, success
2022-06-19T06:22:52+00:00, success
2022-06-19T06:35:38+00:00, success
2022-06-19T06:46:43+00:00, success
2022-06-19T06:54:44+00:00, success
2022-06-19T07:03:48+00:00, success
2022-06-19T07:14:50+00:00, success
2022-06-19T07:25:36+00:00, success
2022-06-19T07:34:06+00:00, success
2022-06-19T07:42:06+00:00, success
2022-06-19T07:50:10+00:00, success
2022-06-19T07:58:15+00:00, success
2022-06-19T08:08:48+00:00, success
2022-06-19T08:21:48+00:00, success
2022-06-19T08:33:46+00:00, success
2022-06-19T08:43:41+00:00, success
2022-06-19T08:51:43+00:00, success
2022-06-19T08:59:45+00:00, success
2022-06-19T09:10:14+00:00, success
2022-06-19T09:22:39+00:00, success
2022-06-19T09:33:04+00:00, success
2022-06-19T09:42:37+00:00, success
2022-06-19T09:50:42+00:00, success
2022-06-19T09:58:41+00:00, success
2022-06-19T10:08:58+00:00, success
2022-06-19T10:21:46+00:00, success
2022-06-19T10:32:49+00:00, success
2022-06-19T10:42:08+00:00, success
2022-06-19T10:50:07+00:00, success
2022-06-19T10:58:11+00:00, success
2022-06-19T11:08:06+00:00, success
2022-06-19T11:19:08+00:00, success
2022-06-19T11:28:15+00:00, success
2022-06-19T11:36:33+00:00, success
2022-06-19T11:44:38+00:00, success
2022-06-19T11:52:38+00:00, success
2022-06-19T12:01:01+00:00, success
2022-06-19T12:12:34+00:00, success
2022-06-19T12:28:04+00:00, success
2022-06-19T12:46:07+00:00, success
2022-06-19T13:01:47+00:00, success
2022-06-19T13:14:27+00:00, success
2022-06-19T13:29:07+00:00, success
2022-06-19T13:39:25+00:00, success
2022-06-19T13:47:23+00:00, success
2022-06-19T13:55:26+00:00, success
2022-06-19T14:04:49+00:00, success
2022-06-19T14:15:59+00:00, success
2022-06-19T14:26:04+00:00, success
2022-06-19T14:34:37+00:00, success
2022-06-19T14:42:34+00:00, success
2022-06-19T14:50:34+00:00, success
2022-06-19T14:58:39+00:00, success
2022-06-19T15:08:41+00:00, success
2022-06-19T15:21:25+00:00, success
2022-06-19T15:32:11+00:00, success
2022-06-19T15:41:53+00:00, success
2022-06-19T15:49:54+00:00, success
2022-06-19T15:57:54+00:00, success
2022-06-19T16:08:12+00:00, success
2022-06-19T16:21:31+00:00, success
2022-06-19T16:36:54+00:00, success
2022-06-19T16:50:17+00:00, success
2022-06-19T17:00:03+00:00, success
2022-06-19T17:10:30+00:00, success
2022-06-19T17:22:25+00:00, success
2022-06-19T17:31:51+00:00, success
2022-06-19T17:40:26+00:00, success
2022-06-19T17:48:35+00:00, success
2022-06-19T17:56:43+00:00, success
2022-06-19T18:06:36+00:00, success
2022-06-19T18:19:04+00:00, success
2022-06-19T18:32:09+00:00, success
2022-06-19T18:42:18+00:00, success
2022-06-19T18:50:49+00:00, success
2022-06-19T18:58:46+00:00, success
2022-06-19T19:08:42+00:00, success
2022-06-19T19:19:16+00:00, success
2022-06-19T19:27:32+00:00, success
2022-06-19T19:35:48+00:00, success
2022-06-19T19:43:49+00:00, success
2022-06-19T19:52:15+00:00, success
2022-06-19T20:00:24+00:00, success
2022-06-19T20:11:12+00:00, success
2022-06-19T20:24:18+00:00, success
2022-06-19T20:34:13+00:00, success
2022-06-19T20:43:03+00:00, success
2022-06-19T20:59:15+00:00, success
2022-06-19T21:09:36+00:00, success
2022-06-19T21:21:15+00:00, success
2022-06-19T21:30:44+00:00, success
2022-06-19T21:39:30+00:00, success
2022-06-19T21:47:32+00:00, success
2022-06-19T21:55:30+00:00, success
2022-06-19T22:08:00+00:00, success
2022-06-19T22:16:26+00:00, success
2022-06-19T22:27:42+00:00, success
2022-06-19T22:36:51+00:00, success
2022-06-19T22:44:50+00:00, success
2022-06-19T22:52:50+00:00, success
2022-06-19T23:01:23+00:00, success
2022-06-19T23:12:03+00:00, success
2022-06-19T23:23:47+00:00, success
2022-06-19T23:32:54+00:00, success
2022-06-19T23:41:29+00:00, success
2022-06-19T23:49:38+00:00, success
2022-06-19T23:57:47+00:00, success
2022-06-20T00:23:28+00:00, success
2022-06-20T00:47:48+00:00, success
2022-06-20T01:22:36+00:00, success
2022-06-20T02:11:13+00:00, success
2022-06-20T02:55:23+00:00, success
2022-06-20T03:26:37+00:00, success
2022-06-20T03:46:52+00:00, success
2022-06-20T04:02:23+00:00, success
2022-06-20T04:14:48+00:00, success
2022-06-20T04:30:41+00:00, success
2022-06-20T04:46:20+00:00, success
2022-06-20T04:57:15+00:00, success
2022-06-20T05:07:15+00:00, success
2022-06-20T05:19:18+00:00, success
2022-06-20T05:29:37+00:00, success
2022-06-20T05:38:22+00:00, success
2022-06-20T05:46:24+00:00, success
2022-06-20T05:54:26+00:00, success
2022-06-20T06:04:17+00:00, success
2022-06-20T06:16:45+00:00, success
2022-06-20T06:32:53+00:00, success
2022-06-20T06:46:44+00:00, success
2022-06-20T06:57:39+00:00, success
2022-06-20T07:07:50+00:00, success
2022-06-20T07:20:08+00:00, success
2022-06-20T07:30:59+00:00, success
2022-06-20T07:40:15+00:00, success
2022-06-20T07:53:18+00:00, success
2022-06-20T07:56:33+00:00, success
2022-06-20T08:06:48+00:00, success
2022-06-20T08:20:27+00:00, success
2022-06-20T08:36:32+00:00, success
2022-06-20T08:50:46+00:00, success
2022-06-20T09:01:15+00:00, success
2022-06-20T09:06:42+00:00, success
2022-06-20T09:23:17+00:00, success
2022-06-20T09:35:18+00:00, success
2022-06-20T09:40:34+00:00, success
2022-06-20T09:48:43+00:00, success
2022-06-20T09:56:45+00:00, success
2022-06-20T10:06:44+00:00, success
2022-06-20T10:19:39+00:00, success
2022-06-20T10:32:52+00:00, success
2022-06-20T10:43:13+00:00, success
2022-06-20T10:51:24+00:00, success
2022-06-20T10:59:24+00:00, success
2022-06-20T11:10:47+00:00, success
2022-06-20T11:20:55+00:00, success
2022-06-20T11:29:50+00:00, success
2022-06-20T11:38:03+00:00, success
2022-06-20T11:46:12+00:00, success
2022-06-20T11:54:19+00:00, success
2022-06-20T12:09:17+00:00, success
2022-06-20T12:17:18+00:00, success
2022-06-20T12:35:09+00:00, success
2022-06-20T12:56:13+00:00, success
2022-06-20T13:17:43+00:00, success
2022-06-20T13:36:39+00:00, success
2022-06-20T13:51:49+00:00, success
2022-06-20T13:59:57+00:00, success
2022-06-20T14:15:22+00:00, success
2022-06-20T14:22:07+00:00, success
2022-06-20T14:31:19+00:00, success
2022-06-20T14:40:04+00:00, success
2022-06-20T14:51:46+00:00, success
2022-06-20T14:56:12+00:00, success
2022-06-20T15:06:06+00:00, success
2022-06-20T15:18:14+00:00, success
2022-06-20T15:30:52+00:00, success
2022-06-20T15:41:18+00:00, success
2022-06-20T15:50:18+00:00, success
2022-06-20T15:58:17+00:00, success
2022-06-20T16:09:19+00:00, success
2022-06-20T16:23:49+00:00, success
2022-06-20T16:46:17+00:00, success
2022-06-20T16:57:43+00:00, success
2022-06-20T17:10:07+00:00, success
2022-06-20T17:25:54+00:00, success
2022-06-20T17:41:16+00:00, success
2022-06-20T17:45:40+00:00, success
2022-06-20T17:55:51+00:00, success
2022-06-20T18:02:25+00:00, success
2022-06-20T18:17:10+00:00, success
2022-06-20T18:28:59+00:00, success
2022-06-20T18:42:04+00:00, success
2022-06-20T18:52:33+00:00, success
2022-06-20T19:00:53+00:00, success
2022-06-20T19:11:02+00:00, success
2022-06-20T19:20:35+00:00, success
2022-06-20T19:29:00+00:00, success
2022-06-20T19:37:29+00:00, success
2022-06-20T19:45:26+00:00, success
2022-06-20T19:54:40+00:00, success
2022-06-20T20:02:31+00:00, success
2022-06-20T20:14:08+00:00, success
2022-06-20T20:27:30+00:00, success
2022-06-20T20:37:33+00:00, success
2022-06-20T20:46:06+00:00, success
2022-06-20T20:54:14+00:00, success
2022-06-20T21:07:19+00:00, success
2022-06-20T21:13:56+00:00, success
2022-06-20T21:25:18+00:00, success
2022-06-20T21:34:22+00:00, success
2022-06-20T21:42:47+00:00, success
2022-06-20T21:50:56+00:00, success
2022-06-20T21:59:10+00:00, success
2022-06-20T22:09:26+00:00, success
2022-06-20T22:22:08+00:00, success
2022-06-20T22:32:24+00:00, success
2022-06-20T22:41:27+00:00, success
2022-06-20T22:49:34+00:00, success
2022-06-20T22:57:38+00:00, success
2022-06-20T23:07:37+00:00, success
2022-06-20T23:19:47+00:00, success
2022-06-20T23:30:16+00:00, success
2022-06-20T23:41:09+00:00, success
2022-06-20T23:47:18+00:00, success
2022-06-20T23:55:37+00:00, success
2022-06-21T00:19:05+00:00, success
2022-06-21T00:41:21+00:00, success
2022-06-21T01:12:06+00:00, success
2022-06-21T01:56:55+00:00, success
2022-06-21T02:50:42+00:00, success
2022-06-21T03:23:31+00:00, success
2022-06-21T03:51:13+00:00, success
2022-06-21T04:10:00+00:00, success
2022-06-21T04:26:18+00:00, success
2022-06-21T04:45:54+00:00, success
2022-06-21T05:02:04+00:00, success
2022-06-21T05:16:00+00:00, success
2022-06-21T05:27:44+00:00, success
2022-06-21T05:37:53+00:00, success
2022-06-21T05:46:30+00:00, success
2022-06-21T05:54:02+00:00, success
2022-06-21T06:03:38+00:00, success
2022-06-21T06:15:24+00:00, success
2022-06-21T06:37:32+00:00, failed
2022-06-21T06:46:28+00:00, success
2022-06-21T06:54:45+00:00, success
2022-06-21T07:03:44+00:00, success
2022-06-21T07:14:45+00:00, success
2022-06-21T07:25:53+00:00, success
2022-06-21T07:36:16+00:00, success
2022-06-21T07:42:48+00:00, success
2022-06-21T08:00:51+00:00, success
2022-06-21T08:23:37+00:00, success
2022-06-21T08:53:17+00:00, success
2022-06-21T09:02:03+00:00, success
2022-06-21T09:21:02+00:00, success
2022-06-21T09:35:48+00:00, success
2022-06-21T09:52:42+00:00, success
2022-06-21T10:00:51+00:00, success
2022-06-21T10:07:03+00:00, success
2022-06-21T10:21:48+00:00, success
2022-06-21T10:35:42+00:00, success
2022-06-21T10:50:43+00:00, success
2022-06-21T11:06:12+00:00, success
2022-06-21T11:16:40+00:00, success
2022-06-21T11:21:40+00:00, success
2022-06-21T11:36:06+00:00, success
2022-06-21T11:41:46+00:00, success
2022-06-21T11:50:35+00:00, success
2022-06-21T11:56:48+00:00, success
2022-06-21T12:06:07+00:00, success
2022-06-21T12:15:40+00:00, success
2022-06-21T12:38:22+00:00, success
2022-06-21T12:55:16+00:00, success
2022-06-21T13:17:40+00:00, success
2022-06-21T13:37:28+00:00, success
2022-06-21T13:54:23+00:00, success
2022-06-21T14:03:46+00:00, success
2022-06-21T14:15:23+00:00, success
2022-06-21T14:26:55+00:00, success
2022-06-21T14:36:07+00:00, success
2022-06-21T14:44:28+00:00, success
2022-06-21T14:52:26+00:00, success
2022-06-21T15:05:20+00:00, success
2022-06-21T15:11:45+00:00, success
2022-06-21T15:26:48+00:00, success
2022-06-21T15:38:06+00:00, success
2022-06-21T15:48:25+00:00, success
2022-06-21T15:56:30+00:00, success
2022-06-21T16:07:10+00:00, success
2022-06-21T16:20:51+00:00, success
2022-06-21T16:39:52+00:00, success
2022-06-21T16:58:59+00:00, success
2022-06-21T17:15:38+00:00, success
2022-06-21T17:32:16+00:00, success
2022-06-21T17:46:15+00:00, success
2022-06-21T17:55:15+00:00, success
2022-06-21T18:04:38+00:00, success
2022-06-21T18:16:54+00:00, success
2022-06-21T18:31:17+00:00, success
2022-06-21T18:43:01+00:00, success
2022-06-21T18:52:46+00:00, success
2022-06-21T19:01:04+00:00, success
2022-06-21T19:11:24+00:00, success
2022-06-21T19:21:26+00:00, success
2022-06-21T19:29:25+00:00, success
2022-06-21T19:37:43+00:00, success
2022-06-21T19:45:48+00:00, success
2022-06-21T19:53:55+00:00, success
2022-06-21T20:02:45+00:00, success
2022-06-21T20:14:10+00:00, success
2022-06-21T20:26:55+00:00, success
2022-06-21T20:36:40+00:00, success
2022-06-21T20:45:14+00:00, success
2022-06-21T20:53:12+00:00, success
2022-06-21T21:01:46+00:00, success
2022-06-21T21:12:26+00:00, success
2022-06-21T21:23:44+00:00, success
2022-06-21T21:32:36+00:00, success
2022-06-21T21:41:48+00:00, success
2022-06-21T21:49:46+00:00, success
2022-06-21T21:57:51+00:00, success
2022-06-21T22:07:48+00:00, success
2022-06-21T22:19:59+00:00, success
2022-06-21T22:30:46+00:00, success
2022-06-21T22:39:48+00:00, success
2022-06-21T22:47:47+00:00, success
2022-06-21T22:55:50+00:00, success
2022-06-21T23:05:26+00:00, success
2022-06-21T23:17:36+00:00, success
2022-06-21T23:29:41+00:00, success
2022-06-21T23:39:11+00:00, success
2022-06-21T23:47:22+00:00, success
2022-06-21T23:55:25+00:00, success
2022-06-22T00:21:46+00:00, success
2022-06-22T00:44:03+00:00, success
2022-06-22T01:16:13+00:00, success
2022-06-22T02:04:36+00:00, success
2022-06-22T02:53:53+00:00, success
2022-06-22T03:30:31+00:00, success
2022-06-22T03:54:36+00:00, success
2022-06-22T04:13:44+00:00, success
2022-06-22T04:30:36+00:00, success
2022-06-22T04:49:30+00:00, success
2022-06-22T05:02:53+00:00, success
2022-06-22T05:14:58+00:00, success
2022-06-22T05:28:10+00:00, success
2022-06-22T05:38:10+00:00, success
2022-06-22T05:46:10+00:00, success
2022-06-22T05:54:14+00:00, success
2022-06-22T06:03:36+00:00, success
2022-06-22T06:15:27+00:00, success
2022-06-22T06:30:15+00:00, success
2022-06-22T06:42:37+00:00, success
2022-06-22T06:53:03+00:00, success
2022-06-22T07:01:28+00:00, success
2022-06-22T07:12:17+00:00, success
2022-06-22T07:23:59+00:00, success
2022-06-22T07:33:09+00:00, success
2022-06-22T07:41:30+00:00, success
2022-06-22T07:49:30+00:00, success
2022-06-22T07:57:41+00:00, success
2022-06-22T08:08:41+00:00, success
2022-06-22T08:22:58+00:00, success
2022-06-22T08:38:25+00:00, success
2022-06-22T08:50:35+00:00, success
2022-06-22T08:58:39+00:00, success
2022-06-22T09:08:54+00:00, success
2022-06-22T09:21:23+00:00, success
2022-06-22T09:31:56+00:00, success
2022-06-22T09:41:29+00:00, success
2022-06-22T09:49:32+00:00, success
2022-06-22T09:57:30+00:00, success
2022-06-22T10:08:18+00:00, success
2022-06-22T10:21:21+00:00, success
2022-06-22T10:34:24+00:00, success
2022-06-22T10:44:40+00:00, success
2022-06-22T10:52:39+00:00, success
2022-06-22T11:00:57+00:00, success
2022-06-22T11:11:12+00:00, success
2022-06-22T11:22:15+00:00, success
2022-06-22T11:30:46+00:00, success
2022-06-22T11:43:55+00:00, success
2022-06-22T11:47:12+00:00, success
2022-06-22T11:55:21+00:00, success
2022-06-22T12:05:54+00:00, success
2022-06-22T12:20:11+00:00, success
2022-06-22T12:39:02+00:00, success
2022-06-22T13:00:42+00:00, success
2022-06-22T13:20:16+00:00, success
2022-06-22T13:39:59+00:00, success
2022-06-22T13:56:21+00:00, success
2022-06-22T14:13:14+00:00, success
2022-06-22T14:15:06+00:00, success
2022-06-22T14:26:07+00:00, success
2022-06-22T14:35:10+00:00, success
2022-06-22T14:43:30+00:00, success
2022-06-22T14:51:35+00:00, success
2022-06-22T14:59:40+00:00, success
2022-06-22T15:10:12+00:00, success
2022-06-22T15:23:30+00:00, success
2022-06-22T15:35:21+00:00, success
2022-06-22T15:45:50+00:00, success
2022-06-22T15:53:48+00:00, success
2022-06-22T16:02:51+00:00, success
2022-06-22T16:15:02+00:00, success
2022-06-22T16:31:10+00:00, success
2022-06-22T16:48:45+00:00, success
2022-06-22T17:02:25+00:00, success
2022-06-22T17:15:32+00:00, success
2022-06-22T17:31:47+00:00, success
2022-06-22T17:44:10+00:00, success
2022-06-22T17:53:03+00:00, success
2022-06-22T18:01:37+00:00, success
2022-06-22T18:13:10+00:00, success
2022-06-22T18:28:27+00:00, success
2022-06-22T18:42:30+00:00, success
2022-06-22T18:53:31+00:00, success
2022-06-22T19:02:00+00:00, success
2022-06-22T19:12:21+00:00, success
2022-06-22T19:22:23+00:00, success
2022-06-22T19:30:28+00:00, success
2022-06-22T19:38:38+00:00, success
2022-06-22T19:46:43+00:00, success
2022-06-22T19:54:50+00:00, success
2022-06-22T20:04:14+00:00, success
2022-06-22T20:15:52+00:00, success
2022-06-22T20:28:01+00:00, success
2022-06-22T20:37:35+00:00, success
2022-06-22T20:45:54+00:00, success
2022-06-22T20:53:59+00:00, success
2022-06-22T21:02:43+00:00, success
2022-06-22T21:13:40+00:00, success
2022-06-22T21:25:13+00:00, success
2022-06-22T21:34:25+00:00, success
2022-06-22T21:43:02+00:00, success
2022-06-22T21:51:05+00:00, success
2022-06-22T21:59:23+00:00, success
2022-06-22T22:09:48+00:00, success
2022-06-22T22:22:35+00:00, success
2022-06-22T22:33:06+00:00, success
2022-06-22T22:42:21+00:00, success
2022-06-22T22:50:20+00:00, success
2022-06-22T23:00:51+00:00, success
2022-06-22T23:08:41+00:00, success
2022-06-22T23:21:21+00:00, success
2022-06-22T23:32:25+00:00, success
2022-06-22T23:41:58+00:00, success
2022-06-22T23:50:01+00:00, success
2022-06-22T23:58:10+00:00, success
2022-06-23T00:20:45+00:00, success
2022-06-23T00:42:08+00:00, success
2022-06-23T01:12:54+00:00, success
2022-06-23T01:57:55+00:00, success
2022-06-23T02:51:02+00:00, success
2022-06-23T03:27:01+00:00, success
2022-06-23T03:51:34+00:00, success
2022-06-23T04:10:11+00:00, success
2022-06-23T04:26:19+00:00, success
2022-06-23T04:46:18+00:00, success
2022-06-23T05:02:33+00:00, success
2022-06-23T05:14:43+00:00, success
2022-06-23T05:28:32+00:00, success
2022-06-23T05:38:52+00:00, success
2022-06-23T05:47:01+00:00, success
2022-06-23T05:55:05+00:00, success
2022-06-23T06:04:48+00:00, success
2022-06-23T06:17:10+00:00, success
2022-06-23T06:32:27+00:00, success
2022-06-23T06:44:52+00:00, success
2022-06-23T06:55:18+00:00, success
2022-06-23T07:04:35+00:00, success
2022-06-23T07:16:11+00:00, success
2022-06-23T07:27:30+00:00, success
2022-06-23T07:36:36+00:00, success
2022-06-23T07:44:38+00:00, success
2022-06-23T07:52:43+00:00, success
2022-06-23T08:01:00+00:00, success
2022-06-23T08:12:38+00:00, success
2022-06-23T08:27:34+00:00, success
2022-06-23T08:41:55+00:00, success
2022-06-23T08:52:46+00:00, success
2022-06-23T09:01:07+00:00, success
2022-06-23T09:11:51+00:00, success
2022-06-23T09:24:26+00:00, success
2022-06-23T09:34:50+00:00, success
2022-06-23T09:44:14+00:00, success
2022-06-23T09:52:16+00:00, success
2022-06-23T10:00:23+00:00, success
2022-06-23T10:11:26+00:00, success
2022-06-23T10:25:15+00:00, success
2022-06-23T10:37:27+00:00, success
2022-06-23T10:47:04+00:00, success
2022-06-23T10:55:04+00:00, success
2022-06-23T11:04:17+00:00, success
2022-06-23T11:15:21+00:00, success
2022-06-23T11:26:02+00:00, success
2022-06-23T11:34:41+00:00, success
2022-06-23T11:42:46+00:00, success
2022-06-23T11:50:47+00:00, success
2022-06-23T11:58:51+00:00, success
2022-06-23T12:10:17+00:00, success
2022-06-23T12:25:39+00:00, success
2022-06-23T12:46:39+00:00, success
2022-06-23T13:07:04+00:00, success
2022-06-23T13:27:25+00:00, success
2022-06-23T13:46:06+00:00, success
2022-06-23T13:57:26+00:00, success
2022-06-23T14:07:11+00:00, success
2022-06-23T14:19:06+00:00, success
2022-06-23T14:29:32+00:00, success
2022-06-23T14:38:37+00:00, success
2022-06-23T14:46:38+00:00, success
2022-06-23T14:54:36+00:00, success
2022-06-23T15:03:59+00:00, success
2022-06-23T15:15:57+00:00, success
2022-06-23T15:30:03+00:00, success
2022-06-23T15:41:21+00:00, success
2022-06-23T15:51:17+00:00, success
2022-06-23T15:59:16+00:00, success
2022-06-23T16:10:18+00:00, success
2022-06-23T16:24:36+00:00, success
2022-06-23T16:41:39+00:00, success
2022-06-23T16:57:12+00:00, success
2022-06-23T17:09:46+00:00, success
2022-06-23T17:23:12+00:00, success
2022-06-23T17:35:38+00:00, success
2022-06-23T17:45:15+00:00, success
2022-06-23T17:53:16+00:00, success
2022-06-23T18:01:55+00:00, success
2022-06-23T18:13:33+00:00, success
2022-06-23T18:28:26+00:00, success
2022-06-23T18:42:23+00:00, success
2022-06-23T18:53:39+00:00, success
2022-06-23T19:02:09+00:00, success
2022-06-23T19:12:34+00:00, success
2022-06-23T19:22:29+00:00, success
2022-06-23T19:30:35+00:00, success
2022-06-23T19:38:46+00:00, success
2022-06-23T19:46:58+00:00, success
2022-06-23T19:54:58+00:00, success
2022-06-23T20:04:20+00:00, success
2022-06-23T20:16:07+00:00, success
2022-06-23T20:28:37+00:00, success
2022-06-23T20:38:23+00:00, success
2022-06-23T20:46:49+00:00, success
2022-06-23T20:54:47+00:00, success
2022-06-23T21:03:58+00:00, success
2022-06-23T21:14:59+00:00, success
2022-06-23T21:26:11+00:00, success
2022-06-23T21:35:24+00:00, success
2022-06-23T21:43:47+00:00, success
2022-06-23T21:51:52+00:00, success
2022-06-23T21:59:55+00:00, success
2022-06-23T22:11:09+00:00, success
2022-06-23T22:22:57+00:00, success
2022-06-23T22:33:17+00:00, success
2022-06-23T22:42:09+00:00, success
2022-06-23T22:50:11+00:00, success
2022-06-23T22:58:18+00:00, success
2022-06-23T23:08:28+00:00, success
2022-06-23T23:21:00+00:00, success
2022-06-23T23:31:31+00:00, success
2022-06-23T23:40:44+00:00, success
2022-06-23T23:48:52+00:00, success
2022-06-23T23:56:51+00:00, success
2022-06-24T00:24:27+00:00, success
2022-06-24T00:47:36+00:00, success
2022-06-24T01:23:03+00:00, success
2022-06-24T02:13:07+00:00, success
2022-06-24T03:01:33+00:00, success
2022-06-24T03:41:29+00:00, success
2022-06-24T04:05:09+00:00, success
2022-06-24T04:21:46+00:00, success
2022-06-24T04:41:20+00:00, success
2022-06-24T04:58:25+00:00, success
2022-06-24T05:11:30+00:00, success
2022-06-24T05:25:33+00:00, success
2022-06-24T05:36:44+00:00, success
2022-06-24T05:45:20+00:00, success
2022-06-24T05:53:24+00:00, success
2022-06-24T06:02:04+00:00, success
2022-06-24T06:13:57+00:00, success
2022-06-24T06:28:46+00:00, success
2022-06-24T06:41:33+00:00, success
2022-06-24T06:52:20+00:00, success
2022-06-24T07:00:22+00:00, success
2022-06-24T07:10:55+00:00, success
2022-06-24T07:23:06+00:00, success
2022-06-24T07:32:29+00:00, success
2022-06-24T07:40:53+00:00, success
2022-06-24T07:48:52+00:00, success
2022-06-24T07:56:55+00:00, success
2022-06-24T08:07:14+00:00, success
2022-06-24T08:20:44+00:00, success
2022-06-24T08:35:42+00:00, success
2022-06-24T08:47:27+00:00, success
2022-06-24T08:56:08+00:00, success
2022-06-24T09:05:52+00:00, success
2022-06-24T09:17:45+00:00, success
2022-06-24T09:29:15+00:00, success
2022-06-24T09:38:33+00:00, success
2022-06-24T09:46:32+00:00, success
2022-06-24T09:54:36+00:00, success
2022-06-24T10:04:00+00:00, success
2022-06-24T10:15:48+00:00, success
2022-06-24T10:29:52+00:00, success
2022-06-24T10:40:38+00:00, success
2022-06-24T10:49:00+00:00, success
2022-06-24T10:57:04+00:00, success
2022-06-24T11:06:41+00:00, success
2022-06-24T11:18:16+00:00, success
2022-06-24T11:28:02+00:00, success
2022-06-24T11:36:20+00:00, success
2022-06-24T11:44:22+00:00, success
2022-06-24T11:52:24+00:00, success
2022-06-24T12:00:44+00:00, success
2022-06-24T12:12:26+00:00, success
2022-06-24T12:29:16+00:00, success
2022-06-24T12:50:50+00:00, success
2022-06-24T13:11:56+00:00, success
2022-06-24T13:29:30+00:00, success
2022-06-24T13:47:46+00:00, success
2022-06-24T13:57:44+00:00, success
2022-06-24T14:07:28+00:00, success
2022-06-24T14:19:05+00:00, success
2022-06-24T14:28:44+00:00, success
2022-06-24T14:37:18+00:00, success
2022-06-24T14:45:19+00:00, success
2022-06-24T14:53:32+00:00, success
2022-06-24T15:02:28+00:00, success
2022-06-24T15:14:00+00:00, success
2022-06-24T15:28:37+00:00, success
2022-06-24T15:40:45+00:00, success
2022-06-24T15:50:14+00:00, success
2022-06-24T15:58:24+00:00, success
2022-06-24T16:08:57+00:00, success
2022-06-24T16:22:58+00:00, success
2022-06-24T16:40:14+00:00, success
2022-06-24T16:55:59+00:00, success
2022-06-24T17:08:37+00:00, success
2022-06-24T17:21:58+00:00, success
2022-06-24T17:34:02+00:00, success
2022-06-24T17:43:43+00:00, success
2022-06-24T17:51:45+00:00, success
2022-06-24T17:59:45+00:00, success
2022-06-24T18:10:47+00:00, success
2022-06-24T18:25:07+00:00, success
2022-06-24T18:39:01+00:00, success
2022-06-24T18:50:13+00:00, success
2022-06-24T18:58:09+00:00, success
2022-06-24T19:07:57+00:00, success
2022-06-24T19:18:56+00:00, success
2022-06-24T19:27:46+00:00, success
2022-06-24T19:35:55+00:00, success
2022-06-24T19:43:53+00:00, success
2022-06-24T19:52:02+00:00, success
2022-06-24T20:00:07+00:00, success
2022-06-24T20:10:52+00:00, success
2022-06-24T20:24:07+00:00, success
2022-06-24T20:34:20+00:00, success
2022-06-24T20:43:20+00:00, success
2022-06-24T20:51:21+00:00, success
2022-06-24T20:59:27+00:00, success
2022-06-24T21:09:38+00:00, success
2022-06-24T21:21:27+00:00, success
2022-06-24T21:31:05+00:00, success
2022-06-24T21:40:01+00:00, success
2022-06-24T21:48:10+00:00, success
2022-06-24T21:56:10+00:00, success
2022-06-24T22:05:57+00:00, success
2022-06-24T22:17:39+00:00, success
2022-06-24T22:28:55+00:00, success
2022-06-24T22:38:12+00:00, success
2022-06-24T22:46:13+00:00, success
2022-06-24T22:54:14+00:00, success
2022-06-24T23:03:17+00:00, success
2022-06-24T23:14:31+00:00, success
2022-06-24T23:26:10+00:00, success
2022-06-24T23:35:31+00:00, success
2022-06-24T23:43:49+00:00, success
2022-06-24T23:51:57+00:00, success
2022-06-25T00:00:08+00:00, success
2022-06-25T00:25:46+00:00, success
2022-06-25T00:49:38+00:00, success
2022-06-25T01:24:47+00:00, success
2022-06-25T02:16:10+00:00, success
2022-06-25T03:04:49+00:00, success
2022-06-25T03:39:42+00:00, success
2022-06-25T04:00:15+00:00, success
2022-06-25T04:14:31+00:00, success
2022-06-25T04:30:29+00:00, success
2022-06-25T04:45:45+00:00, success
2022-06-25T04:56:40+00:00, success
2022-06-25T05:06:22+00:00, success
2022-06-25T05:18:00+00:00, success
2022-06-25T05:28:07+00:00, success
2022-06-25T05:36:39+00:00, success
2022-06-25T05:44:41+00:00, success
2022-06-25T05:52:47+00:00, success
2022-06-25T06:01:14+00:00, success
2022-06-25T06:12:30+00:00, success
2022-06-25T06:26:44+00:00, success
2022-06-25T06:39:08+00:00, success
2022-06-25T06:49:30+00:00, success
2022-06-25T06:57:34+00:00, success
2022-06-25T07:07:29+00:00, success
2022-06-25T07:19:21+00:00, success
2022-06-25T07:29:06+00:00, success
2022-06-25T07:37:25+00:00, success
2022-06-25T07:45:26+00:00, success
2022-06-25T07:53:24+00:00, success
2022-06-25T08:02:12+00:00, success
2022-06-25T08:13:37+00:00, success
2022-06-25T08:28:07+00:00, success
2022-06-25T08:39:03+00:00, success
2022-06-25T08:48:25+00:00, success
2022-06-25T08:56:24+00:00, success
2022-06-25T09:06:09+00:00, success
2022-06-25T09:17:42+00:00, success
2022-06-25T09:29:37+00:00, success
2022-06-25T09:37:37+00:00, success
2022-06-25T09:45:32+00:00, success
2022-06-25T09:53:32+00:00, success
2022-06-25T10:02:25+00:00, success
2022-06-25T10:13:36+00:00, success
2022-06-25T10:26:25+00:00, success
2022-06-25T10:36:28+00:00, success
2022-06-25T10:44:55+00:00, success
2022-06-25T10:52:57+00:00, success
2022-06-25T11:01:22+00:00, success
2022-06-25T11:11:51+00:00, success
2022-06-25T11:22:30+00:00, success
2022-06-25T11:30:36+00:00, success
2022-06-25T11:38:39+00:00, success
2022-06-25T11:46:44+00:00, success
2022-06-25T11:54:50+00:00, success
2022-06-25T12:04:32+00:00, success
2022-06-25T12:17:20+00:00, success
2022-06-25T12:34:20+00:00, success
2022-06-25T12:51:03+00:00, success
2022-06-25T13:04:28+00:00, success
2022-06-25T13:17:44+00:00, success
2022-06-25T13:31:15+00:00, success
2022-06-25T13:41:03+00:00, success
2022-06-25T13:49:04+00:00, success
2022-06-25T13:58:12+00:00, success
2022-06-25T14:06:48+00:00, success
2022-06-25T14:18:22+00:00, success
2022-06-25T14:28:11+00:00, success
2022-06-25T14:36:42+00:00, success
2022-06-25T14:44:45+00:00, success
2022-06-25T14:52:51+00:00, success
2022-06-25T15:01:10+00:00, success
2022-06-25T15:11:56+00:00, success
2022-06-25T15:24:30+00:00, success
2022-06-25T15:34:59+00:00, success
2022-06-25T15:44:19+00:00, success
2022-06-25T15:52:22+00:00, success
2022-06-25T16:00:41+00:00, success
2022-06-25T16:11:40+00:00, success
2022-06-25T16:26:09+00:00, success
2022-06-25T16:41:52+00:00, success
2022-06-25T16:54:26+00:00, success
2022-06-25T17:04:00+00:00, success
2022-06-25T17:15:20+00:00, success
2022-06-25T17:26:51+00:00, success
2022-06-25T17:35:52+00:00, success
2022-06-25T17:43:52+00:00, success
2022-06-25T17:51:52+00:00, success
2022-06-25T17:59:59+00:00, success
2022-06-25T18:10:56+00:00, success
2022-06-25T18:24:57+00:00, success
2022-06-25T18:37:09+00:00, success
2022-06-25T18:47:26+00:00, success
2022-06-25T18:55:24+00:00, success
2022-06-25T19:04:41+00:00, success
2022-06-25T19:15:29+00:00, success
2022-06-25T19:24:41+00:00, success
2022-06-25T19:32:57+00:00, success
2022-06-25T19:40:58+00:00, success
2022-06-25T19:49:04+00:00, success
2022-06-25T19:57:15+00:00, success
2022-06-25T20:07:26+00:00, success
2022-06-25T20:19:52+00:00, success
2022-06-25T20:31:03+00:00, success
2022-06-25T20:40:23+00:00, success
2022-06-25T20:48:23+00:00, success
2022-06-25T20:56:30+00:00, success
2022-06-25T21:05:59+00:00, success
2022-06-25T21:17:18+00:00, success
2022-06-25T21:27:24+00:00, success
2022-06-25T21:36:12+00:00, success
2022-06-25T21:44:13+00:00, success
2022-06-25T21:52:25+00:00, success
2022-06-25T22:00:39+00:00, success
2022-06-25T22:11:14+00:00, success
2022-06-25T22:23:39+00:00, success
2022-06-25T22:33:47+00:00, success
2022-06-25T22:42:20+00:00, success
2022-06-25T22:50:20+00:00, success
2022-06-25T22:58:21+00:00, success
2022-06-25T23:08:25+00:00, success
2022-06-25T23:20:42+00:00, success
2022-06-25T23:30:44+00:00, success
2022-06-25T23:39:40+00:00, success
2022-06-25T23:47:38+00:00, success
2022-06-25T23:55:41+00:00, success
2022-06-26T00:25:25+00:00, success
2022-06-26T00:49:30+00:00, success
2022-06-26T01:24:01+00:00, success
2022-06-26T02:14:25+00:00, success
2022-06-26T03:03:33+00:00, success
2022-06-26T03:41:52+00:00, success
2022-06-26T04:02:47+00:00, success
2022-06-26T04:17:10+00:00, success
2022-06-26T04:34:09+00:00, success
2022-06-26T04:49:42+00:00, success
2022-06-26T05:00:17+00:00, success
2022-06-26T05:11:08+00:00, success
2022-06-26T05:23:13+00:00, success
2022-06-26T05:32:25+00:00, success
2022-06-26T05:40:45+00:00, success
2022-06-26T05:48:48+00:00, success
2022-06-26T05:57:05+00:00, success
2022-06-26T06:07:08+00:00, success
2022-06-26T06:19:47+00:00, success
2022-06-26T06:33:02+00:00, success
2022-06-26T06:44:01+00:00, success
2022-06-26T06:52:40+00:00, success
2022-06-26T07:00:53+00:00, success
2022-06-26T07:11:25+00:00, success
2022-06-26T07:22:39+00:00, success
2022-06-26T07:31:09+00:00, success
2022-06-26T07:39:17+00:00, success
2022-06-26T07:47:17+00:00, success
2022-06-26T07:55:25+00:00, success
2022-06-26T08:05:05+00:00, success
2022-06-26T08:17:09+00:00, success
2022-06-26T08:30:23+00:00, success
2022-06-26T08:40:29+00:00, success
2022-06-26T08:49:04+00:00, success
2022-06-26T08:57:06+00:00, success
2022-06-26T09:06:53+00:00, success
2022-06-26T09:18:45+00:00, success
2022-06-26T09:29:14+00:00, success
2022-06-26T09:38:15+00:00, success
2022-06-26T09:46:14+00:00, success
2022-06-26T09:54:15+00:00, success
2022-06-26T10:03:24+00:00, success
2022-06-26T10:14:55+00:00, success
2022-06-26T10:27:26+00:00, success
2022-06-26T10:37:14+00:00, success
2022-06-26T10:45:31+00:00, success
2022-06-26T10:53:31+00:00, success
2022-06-26T11:02:12+00:00, success
2022-06-26T11:12:56+00:00, success
2022-06-26T11:23:23+00:00, success
2022-06-26T11:31:29+00:00, success
2022-06-26T11:39:27+00:00, success
2022-06-26T11:47:41+00:00, success
2022-06-26T11:55:38+00:00, success
2022-06-26T12:06:44+00:00, success
2022-06-26T12:20:07+00:00, success
2022-06-26T12:38:17+00:00, success
2022-06-26T12:54:36+00:00, success
2022-06-26T13:08:23+00:00, success
2022-06-26T13:22:22+00:00, success
2022-06-26T13:34:35+00:00, success
2022-06-26T13:43:45+00:00, success
2022-06-26T13:51:46+00:00, success
2022-06-26T13:59:48+00:00, success
2022-06-26T14:10:02+00:00, success
2022-06-26T14:21:23+00:00, success
2022-06-26T14:30:05+00:00, success
2022-06-26T14:38:29+00:00, success
2022-06-26T14:46:35+00:00, success
2022-06-26T14:54:46+00:00, success
2022-06-26T15:03:48+00:00, success
2022-06-26T15:15:13+00:00, success
2022-06-26T15:27:18+00:00, success
2022-06-26T15:37:11+00:00, success
2022-06-26T15:46:05+00:00, success
2022-06-26T15:54:04+00:00, success
2022-06-26T16:02:56+00:00, success
2022-06-26T16:14:43+00:00, success
2022-06-26T16:30:14+00:00, success
2022-06-26T16:45:19+00:00, success
2022-06-26T16:56:59+00:00, success
2022-06-26T17:06:55+00:00, success
2022-06-26T17:18:52+00:00, success
2022-06-26T17:29:33+00:00, success
2022-06-26T17:38:30+00:00, success
2022-06-26T17:46:27+00:00, success
2022-06-26T17:54:32+00:00, success
2022-06-26T18:03:50+00:00, success
2022-06-26T18:15:36+00:00, success
2022-06-26T18:29:13+00:00, success
2022-06-26T18:39:57+00:00, success
2022-06-26T18:49:02+00:00, success
2022-06-26T18:57:02+00:00, success
2022-06-26T19:06:41+00:00, success
2022-06-26T19:17:43+00:00, success
2022-06-26T19:26:22+00:00, success
2022-06-26T19:34:43+00:00, success
2022-06-26T19:42:46+00:00, success
2022-06-26T19:50:50+00:00, success
2022-06-26T19:58:51+00:00, success
2022-06-26T20:09:10+00:00, success
2022-06-26T20:21:51+00:00, success
2022-06-26T20:32:06+00:00, success
2022-06-26T20:41:12+00:00, success
2022-06-26T20:49:15+00:00, success
2022-06-26T20:57:23+00:00, success
2022-06-26T21:07:07+00:00, success
2022-06-26T21:18:38+00:00, success
2022-06-26T21:28:30+00:00, success
2022-06-26T21:37:28+00:00, success
2022-06-26T21:45:21+00:00, success
2022-06-26T21:53:31+00:00, success
2022-06-26T22:02:19+00:00, success
2022-06-26T22:13:07+00:00, success
2022-06-26T22:24:45+00:00, success
2022-06-26T22:34:01+00:00, success
2022-06-26T22:42:22+00:00, success
2022-06-26T22:50:28+00:00, success
2022-06-26T22:58:33+00:00, success
2022-06-26T23:08:40+00:00, success
2022-06-26T23:21:12+00:00, success
2022-06-26T23:31:16+00:00, success
2022-06-26T23:40:10+00:00, success
2022-06-26T23:48:13+00:00, success
2022-06-26T23:56:13+00:00, success
2022-06-27T00:26:46+00:00, success
2022-06-27T00:51:43+00:00, success
2022-06-27T01:27:55+00:00, success
2022-06-27T02:20:49+00:00, success
2022-06-27T03:12:11+00:00, success
2022-06-27T03:54:47+00:00, success
2022-06-27T04:23:08+00:00, success
2022-06-27T04:45:02+00:00, success
2022-06-27T05:05:33+00:00, success
2022-06-27T05:20:13+00:00, success
2022-06-27T05:34:57+00:00, success
2022-06-27T05:44:24+00:00, success
2022-06-27T05:52:36+00:00, success
2022-06-27T06:00:48+00:00, success
2022-06-27T06:12:40+00:00, success
2022-06-27T06:27:51+00:00, success
2022-06-27T06:43:27+00:00, success
2022-06-27T06:55:26+00:00, success
2022-06-27T07:05:40+00:00, success
2022-06-27T07:16:25+00:00, success
2022-06-27T07:27:30+00:00, success
2022-06-27T07:36:00+00:00, success
2022-06-27T07:44:05+00:00, success
2022-06-27T07:52:12+00:00, success
2022-06-27T08:01:11+00:00, success
2022-06-27T08:11:57+00:00, success
2022-06-27T08:26:41+00:00, success
2022-06-27T08:40:17+00:00, success
2022-06-27T08:50:38+00:00, success
2022-06-27T08:58:41+00:00, success
2022-06-27T09:09:00+00:00, success
2022-06-27T09:21:45+00:00, success
2022-06-27T09:32:33+00:00, success
2022-06-27T09:42:10+00:00, success
2022-06-27T09:50:10+00:00, success
2022-06-27T09:58:11+00:00, success
2022-06-27T10:10:23+00:00, success
2022-06-27T10:22:19+00:00, success
2022-06-27T10:35:19+00:00, success
2022-06-27T10:45:33+00:00, success
2022-06-27T10:53:35+00:00, success
2022-06-27T11:02:18+00:00, success
2022-06-27T11:13:27+00:00, success
2022-06-27T11:24:43+00:00, success
2022-06-27T11:34:00+00:00, success
2022-06-27T11:41:31+00:00, success
2022-06-27T11:49:35+00:00, success
2022-06-27T11:57:42+00:00, success
2022-06-27T12:08:57+00:00, success
2022-06-27T12:24:25+00:00, success
2022-06-27T12:45:41+00:00, success
2022-06-27T13:07:43+00:00, success
2022-06-27T13:28:26+00:00, success
2022-06-27T13:49:00+00:00, success
2022-06-27T14:01:23+00:00, success
2022-06-27T14:13:10+00:00, success
2022-06-27T14:25:34+00:00, success
2022-06-27T14:35:10+00:00, success
2022-06-27T14:43:35+00:00, success
2022-06-27T14:51:48+00:00, success
2022-06-27T14:59:50+00:00, success
2022-06-27T15:11:02+00:00, success
2022-06-27T15:24:47+00:00, success
2022-06-27T15:38:32+00:00, success
2022-06-27T15:49:29+00:00, success
2022-06-27T15:57:28+00:00, success
2022-06-27T16:07:48+00:00, success
2022-06-27T16:21:29+00:00, success
2022-06-27T16:39:30+00:00, success
2022-06-27T16:57:16+00:00, success
2022-06-27T17:11:39+00:00, success
2022-06-27T17:26:19+00:00, success
2022-06-27T17:39:21+00:00, success
2022-06-27T17:48:14+00:00, success
2022-06-27T17:56:17+00:00, success
2022-06-27T18:07:08+00:00, success
2022-06-27T18:20:48+00:00, success
2022-06-27T18:36:42+00:00, success
2022-06-27T18:49:50+00:00, success
2022-06-27T18:59:46+00:00, success
2022-06-27T19:09:57+00:00, success
2022-06-27T19:20:46+00:00, success
2022-06-27T19:29:13+00:00, success
2022-06-27T19:37:29+00:00, success
2022-06-27T19:45:29+00:00, success
2022-06-27T19:53:45+00:00, success
2022-06-27T20:02:30+00:00, success
2022-06-27T20:13:34+00:00, success
2022-06-27T20:26:20+00:00, success
2022-06-27T20:36:12+00:00, success
2022-06-27T20:44:49+00:00, success
2022-06-27T20:53:03+00:00, success
2022-06-27T21:01:32+00:00, success
2022-06-27T21:12:31+00:00, success
2022-06-27T21:25:07+00:00, success
2022-06-27T21:34:26+00:00, success
2022-06-27T21:43:16+00:00, success
2022-06-27T21:51:21+00:00, success
2022-06-27T21:59:29+00:00, success
2022-06-27T22:09:56+00:00, success
2022-06-27T22:22:44+00:00, success
2022-06-27T22:33:12+00:00, success
2022-06-27T22:42:18+00:00, success
2022-06-27T22:50:18+00:00, success
2022-06-27T22:58:23+00:00, success
2022-06-27T23:08:35+00:00, success
2022-06-27T23:21:09+00:00, success
2022-06-27T23:31:43+00:00, success
2022-06-27T23:41:01+00:00, success
2022-06-27T23:49:02+00:00, success
2022-06-27T23:57:04+00:00, success
2022-06-28T00:26:41+00:00, success
2022-06-28T00:51:20+00:00, success
2022-06-28T01:26:42+00:00, success
2022-06-28T02:18:49+00:00, success
2022-06-28T03:08:24+00:00, success
2022-06-28T03:48:08+00:00, success
2022-06-28T04:11:22+00:00, success
2022-06-28T04:28:55+00:00, success
2022-06-28T04:50:27+00:00, success
2022-06-28T05:06:53+00:00, success
2022-06-28T05:21:11+00:00, success
2022-06-28T05:35:04+00:00, success
2022-06-28T05:45:33+00:00, success
2022-06-28T05:53:39+00:00, success
2022-06-28T06:02:30+00:00, success
2022-06-28T06:14:18+00:00, success
2022-06-28T06:29:25+00:00, success
2022-06-28T06:42:36+00:00, success
2022-06-28T06:53:12+00:00, success
2022-06-28T07:01:49+00:00, success
2022-06-28T07:12:35+00:00, success
2022-06-28T07:24:39+00:00, success
2022-06-28T07:33:51+00:00, success
2022-06-28T07:42:02+00:00, success
2022-06-28T07:50:03+00:00, success
2022-06-28T07:58:15+00:00, success
2022-06-28T08:09:07+00:00, success
2022-06-28T08:23:38+00:00, success
2022-06-28T08:39:11+00:00, success
2022-06-28T08:51:08+00:00, success
2022-06-28T08:59:01+00:00, success
2022-06-28T09:09:21+00:00, success
2022-06-28T09:22:07+00:00, success
2022-06-28T09:32:38+00:00, success
2022-06-28T09:42:20+00:00, success
2022-06-28T09:50:18+00:00, success
2022-06-28T09:58:20+00:00, success
2022-06-28T10:08:46+00:00, success
2022-06-28T10:22:35+00:00, success
2022-06-28T10:35:18+00:00, success
2022-06-28T10:45:30+00:00, success
2022-06-28T10:53:34+00:00, success
2022-06-28T11:02:31+00:00, success
2022-06-28T11:13:03+00:00, success
2022-06-28T11:23:58+00:00, success
2022-06-28T11:32:30+00:00, success
2022-06-28T11:40:30+00:00, success
2022-06-28T11:48:29+00:00, success
2022-06-28T11:56:35+00:00, success
2022-06-28T12:08:48+00:00, success
2022-06-28T12:23:35+00:00, success
2022-06-28T12:43:58+00:00, success
2022-06-28T13:05:37+00:00, success
2022-06-28T13:25:56+00:00, success
2022-06-28T13:45:36+00:00, success
2022-06-28T13:57:31+00:00, success
2022-06-28T14:07:20+00:00, success
2022-06-28T14:19:26+00:00, success
2022-06-28T14:29:38+00:00, success
2022-06-28T14:38:39+00:00, success
2022-06-28T14:46:54+00:00, success
2022-06-28T14:54:46+00:00, success
2022-06-28T15:03:58+00:00, success
2022-06-28T15:15:37+00:00, success
2022-06-28T15:29:35+00:00, success
2022-06-28T15:40:38+00:00, success
2022-06-28T15:50:13+00:00, success
2022-06-28T15:58:16+00:00, success
2022-06-28T16:08:56+00:00, success
2022-06-28T16:23:42+00:00, success
2022-06-28T16:42:23+00:00, success
2022-06-28T16:59:22+00:00, success
2022-06-28T17:13:15+00:00, success
2022-06-28T17:28:03+00:00, success
2022-06-28T17:39:59+00:00, success
2022-06-28T17:48:54+00:00, success
2022-06-28T17:56:58+00:00, success
2022-06-28T18:06:57+00:00, success
2022-06-28T18:20:32+00:00, success
2022-06-28T18:37:01+00:00, success
2022-06-28T18:50:19+00:00, success
2022-06-28T18:59:50+00:00, success
2022-06-28T19:09:52+00:00, success
2022-06-28T19:20:33+00:00, success
2022-06-28T19:28:38+00:00, success
2022-06-28T19:37:07+00:00, success
2022-06-28T19:45:03+00:00, success
2022-06-28T19:53:08+00:00, success
2022-06-28T20:01:48+00:00, success
2022-06-28T20:13:02+00:00, success
2022-06-28T20:26:38+00:00, success
2022-06-28T20:37:21+00:00, success
2022-06-28T20:46:08+00:00, success
2022-06-28T20:54:11+00:00, success
2022-06-28T21:03:05+00:00, success
2022-06-28T21:13:37+00:00, success
2022-06-28T21:24:32+00:00, success
2022-06-28T21:33:29+00:00, success
2022-06-28T21:42:03+00:00, success
2022-06-28T21:50:02+00:00, success
2022-06-28T21:58:10+00:00, success
2022-06-28T22:08:33+00:00, success
2022-06-28T22:21:32+00:00, success
2022-06-28T22:33:31+00:00, success
2022-06-28T22:43:27+00:00, success
2022-06-28T22:51:33+00:00, success
2022-06-28T22:59:46+00:00, success
2022-06-28T23:10:25+00:00, success
2022-06-28T23:22:55+00:00, success
2022-06-28T23:32:57+00:00, success
2022-06-28T23:42:00+00:00, success
2022-06-28T23:50:06+00:00, success
2022-06-28T23:58:09+00:00, success
2022-06-29T00:24:19+00:00, success
2022-06-29T00:47:21+00:00, success
2022-06-29T01:21:20+00:00, success
2022-06-29T02:10:57+00:00, success
2022-06-29T03:02:50+00:00, success
2022-06-29T03:44:27+00:00, success
2022-06-29T04:10:48+00:00, success
2022-06-29T04:31:30+00:00, success
2022-06-29T04:54:08+00:00, success
2022-06-29T05:11:17+00:00, success
2022-06-29T05:26:01+00:00, success
2022-06-29T05:39:13+00:00, success
2022-06-29T05:48:30+00:00, success
2022-06-29T05:56:26+00:00, success
2022-06-29T06:06:34+00:00, success
2022-06-29T06:19:32+00:00, success
2022-06-29T06:33:54+00:00, success
2022-06-29T06:45:39+00:00, success
2022-06-29T06:55:12+00:00, success
2022-06-29T07:04:31+00:00, success
2022-06-29T07:15:59+00:00, success
2022-06-29T07:28:07+00:00, success
2022-06-29T07:37:31+00:00, success
2022-06-29T07:45:31+00:00, success
2022-06-29T07:53:29+00:00, success
2022-06-29T08:02:23+00:00, success
2022-06-29T08:14:32+00:00, success
2022-06-29T08:30:01+00:00, success
2022-06-29T08:42:53+00:00, success
2022-06-29T08:53:00+00:00, success
2022-06-29T09:01:24+00:00, success
2022-06-29T09:12:22+00:00, success
2022-06-29T09:25:49+00:00, success
2022-06-29T09:36:46+00:00, success
2022-06-29T09:46:04+00:00, success
2022-06-29T09:54:13+00:00, success
2022-06-29T10:03:28+00:00, success
2022-06-29T10:15:09+00:00, success
2022-06-29T10:29:06+00:00, success
2022-06-29T10:40:03+00:00, success
2022-06-29T10:50:06+00:00, success
2022-06-29T10:56:53+00:00, success
2022-06-29T11:06:42+00:00, success
2022-06-29T11:18:42+00:00, success
2022-06-29T11:29:09+00:00, success
2022-06-29T11:37:51+00:00, success
2022-06-29T11:45:54+00:00, success
2022-06-29T11:54:01+00:00, success
2022-06-29T12:03:35+00:00, success
2022-06-29T12:16:00+00:00, success
2022-06-29T12:33:47+00:00, success
2022-06-29T12:55:33+00:00, success
2022-06-29T13:17:03+00:00, success
2022-06-29T13:35:57+00:00, success
2022-06-29T13:52:17+00:00, success
2022-06-29T14:00:54+00:00, success
2022-06-29T14:11:19+00:00, success
2022-06-29T14:26:35+00:00, success
2022-06-29T14:47:10+00:00, success
2022-06-29T15:14:36+00:00, success
2022-06-29T15:37:48+00:00, success
2022-06-29T15:59:48+00:00, success
2022-06-29T16:18:40+00:00, success
2022-06-29T16:37:56+00:00, success
2022-06-29T17:01:46+00:00, success
2022-06-29T17:25:32+00:00, success
2022-06-29T17:46:59+00:00, success
2022-06-29T18:01:58+00:00, success
2022-06-29T18:14:27+00:00, success
2022-06-29T18:30:04+00:00, success
2022-06-29T18:44:13+00:00, success
2022-06-29T18:55:13+00:00, success
2022-06-29T19:04:19+00:00, success
2022-06-29T19:15:26+00:00, success
2022-06-29T19:25:43+00:00, success
2022-06-29T19:34:17+00:00, success
2022-06-29T19:42:23+00:00, success
2022-06-29T19:50:42+00:00, success
2022-06-29T19:58:44+00:00, success
2022-06-29T20:10:08+00:00, success
2022-06-29T20:23:00+00:00, success
2022-06-29T20:34:47+00:00, success
2022-06-29T20:44:46+00:00, success
2022-06-29T20:52:48+00:00, success
2022-06-29T21:00:58+00:00, success
2022-06-29T21:11:43+00:00, success
2022-06-29T21:23:33+00:00, success
2022-06-29T21:33:20+00:00, success
2022-06-29T21:42:29+00:00, success
2022-06-29T21:50:37+00:00, success
2022-06-29T22:00:33+00:00, success
2022-06-29T22:08:59+00:00, success
2022-06-29T22:21:39+00:00, success
2022-06-29T22:32:20+00:00, success
2022-06-29T22:41:42+00:00, success
2022-06-29T22:49:42+00:00, success
2022-06-29T22:57:45+00:00, success
2022-06-29T23:07:46+00:00, success
2022-06-29T23:20:10+00:00, success
2022-06-29T23:31:09+00:00, success
2022-06-29T23:40:12+00:00, success
2022-06-29T23:48:21+00:00, success
2022-06-29T23:56:25+00:00, success
2022-06-30T00:23:13+00:00, success
2022-06-30T00:47:32+00:00, success
2022-06-30T01:23:02+00:00, success
2022-06-30T02:13:04+00:00, success
2022-06-30T03:02:31+00:00, success
2022-06-30T03:43:00+00:00, success
2022-06-30T04:06:06+00:00, success
2022-06-30T04:23:13+00:00, success
2022-06-30T04:43:27+00:00, success
2022-06-30T05:01:04+00:00, success
2022-06-30T05:15:01+00:00, success
2022-06-30T05:29:28+00:00, success
2022-06-30T05:40:18+00:00, success
2022-06-30T05:48:44+00:00, success
2022-06-30T05:56:41+00:00, success
2022-06-30T06:07:03+00:00, success
2022-06-30T06:20:07+00:00, success
2022-06-30T06:35:56+00:00, success
2022-06-30T06:49:04+00:00, success
2022-06-30T06:58:44+00:00, success
2022-06-30T07:08:41+00:00, success
2022-06-30T07:20:47+00:00, success
2022-06-30T07:30:14+00:00, success
2022-06-30T07:38:42+00:00, success
2022-06-30T07:46:48+00:00, success
2022-06-30T07:54:54+00:00, success
2022-06-30T08:04:58+00:00, success
2022-06-30T08:17:51+00:00, success
2022-06-30T08:33:52+00:00, success
2022-06-30T08:45:56+00:00, success
2022-06-30T08:55:20+00:00, success
2022-06-30T09:04:35+00:00, success
2022-06-30T09:16:12+00:00, success
2022-06-30T09:28:02+00:00, success
2022-06-30T09:38:49+00:00, success
2022-06-30T09:46:20+00:00, success
2022-06-30T09:54:23+00:00, success
2022-06-30T10:03:46+00:00, success
2022-06-30T10:16:26+00:00, success
2022-06-30T10:31:37+00:00, success
2022-06-30T10:43:25+00:00, success
2022-06-30T10:52:51+00:00, success
2022-06-30T11:01:12+00:00, success
2022-06-30T11:11:41+00:00, success
2022-06-30T11:22:44+00:00, success
2022-06-30T11:31:23+00:00, success
2022-06-30T11:39:49+00:00, success
2022-06-30T11:47:50+00:00, success
2022-06-30T11:55:57+00:00, success
2022-06-30T12:08:12+00:00, success
2022-06-30T12:23:28+00:00, success
2022-06-30T12:43:36+00:00, success
2022-06-30T13:05:20+00:00, success
2022-06-30T13:24:36+00:00, success
2022-06-30T13:43:26+00:00, success
2022-06-30T13:55:55+00:00, success
2022-06-30T14:05:25+00:00, success
2022-06-30T14:16:52+00:00, success
2022-06-30T14:27:33+00:00, success
2022-06-30T14:36:34+00:00, success
2022-06-30T14:44:36+00:00, success
2022-06-30T14:52:45+00:00, success
2022-06-30T15:01:14+00:00, success
2022-06-30T15:12:18+00:00, success
2022-06-30T15:26:29+00:00, success
2022-06-30T15:39:29+00:00, success
2022-06-30T15:50:03+00:00, success
2022-06-30T15:58:00+00:00, success
2022-06-30T16:08:29+00:00, success
2022-06-30T16:22:40+00:00, success
2022-06-30T16:41:18+00:00, success
2022-06-30T16:58:33+00:00, success
2022-06-30T17:12:31+00:00, success
2022-06-30T17:28:24+00:00, success
2022-06-30T17:49:44+00:00, success
2022-06-30T17:51:57+00:00, success
2022-06-30T18:00:07+00:00, success
2022-06-30T18:12:11+00:00, success
2022-06-30T18:27:33+00:00, success
2022-06-30T18:42:26+00:00, success
2022-06-30T18:53:47+00:00, success
2022-06-30T19:02:19+00:00, success
2022-06-30T19:12:48+00:00, success
2022-06-30T19:22:48+00:00, success
2022-06-30T19:30:49+00:00, success
2022-06-30T19:38:55+00:00, success
2022-06-30T19:47:07+00:00, success
2022-06-30T19:55:15+00:00, success
2022-06-30T20:04:48+00:00, success
2022-06-30T20:16:47+00:00, success
2022-06-30T20:29:35+00:00, success
2022-06-30T20:39:27+00:00, success
2022-06-30T20:47:45+00:00, success
2022-06-30T20:55:45+00:00, success
2022-06-30T21:05:08+00:00, success
2022-06-30T21:16:55+00:00, success
2022-06-30T21:28:40+00:00, success
2022-06-30T21:38:10+00:00, success
2022-06-30T21:46:23+00:00, success
2022-06-30T21:54:31+00:00, success
2022-06-30T22:04:28+00:00, success
2022-06-30T22:15:22+00:00, success
2022-06-30T22:27:17+00:00, success
2022-06-30T22:36:55+00:00, success
2022-06-30T22:45:01+00:00, success
2022-06-30T22:53:08+00:00, success
2022-06-30T23:01:31+00:00, success
2022-06-30T23:12:30+00:00, success
2022-06-30T23:24:50+00:00, success
2022-06-30T23:34:36+00:00, success
2022-06-30T23:43:19+00:00, success
2022-06-30T23:51:21+00:00, success
2022-06-30T23:59:32+00:00, success
2022-07-01T00:28:22+00:00, success
2022-07-01T00:56:30+00:00, success
2022-07-01T01:38:44+00:00, success
2022-07-01T02:36:51+00:00, success
2022-07-01T03:31:40+00:00, success
2022-07-01T04:04:23+00:00, success
2022-07-01T04:34:54+00:00, success
2022-07-01T05:00:14+00:00, success
2022-07-01T05:19:56+00:00, success
2022-07-01T05:36:54+00:00, success
2022-07-01T05:49:03+00:00, success
2022-07-01T05:57:05+00:00, success
2022-07-01T06:07:39+00:00, success
2022-07-01T06:20:57+00:00, success
2022-07-01T06:35:40+00:00, success
2022-07-01T06:48:15+00:00, success
2022-07-01T06:57:27+00:00, success
2022-07-01T07:07:26+00:00, success
2022-07-01T07:19:44+00:00, success
2022-07-01T07:30:11+00:00, success
2022-07-01T07:39:04+00:00, success
2022-07-01T07:47:08+00:00, success
2022-07-01T07:55:11+00:00, success
2022-07-01T08:04:59+00:00, success
2022-07-01T08:17:41+00:00, success
2022-07-01T08:32:50+00:00, success
2022-07-01T08:44:14+00:00, success
2022-07-01T08:53:28+00:00, success
2022-07-01T09:02:11+00:00, success
2022-07-01T09:13:23+00:00, success
2022-07-01T09:26:12+00:00, success
2022-07-01T09:36:28+00:00, success
2022-07-01T09:45:17+00:00, success
2022-07-01T09:53:14+00:00, success
2022-07-01T10:02:01+00:00, success
2022-07-01T10:13:12+00:00, success
2022-07-01T10:27:27+00:00, success
2022-07-01T10:38:35+00:00, success
2022-07-01T10:47:31+00:00, success
2022-07-01T10:55:38+00:00, success
2022-07-01T11:05:01+00:00, success
2022-07-01T11:16:12+00:00, success
2022-07-01T11:26:23+00:00, success
2022-07-01T11:34:56+00:00, success
2022-07-01T11:42:56+00:00, success
2022-07-01T11:51:05+00:00, success
2022-07-01T11:59:07+00:00, success
2022-07-01T12:10:39+00:00, success
2022-07-01T12:25:52+00:00, success
2022-07-01T12:47:04+00:00, success
2022-07-01T13:07:57+00:00, success
2022-07-01T13:27:12+00:00, success
2022-07-01T13:46:20+00:00, success
2022-07-01T13:57:31+00:00, success
2022-07-01T14:07:24+00:00, success
2022-07-01T14:19:40+00:00, success
2022-07-01T14:30:10+00:00, success
2022-07-01T14:39:08+00:00, success
2022-07-01T14:47:08+00:00, success
2022-07-01T14:55:13+00:00, success
2022-07-01T15:04:48+00:00, success
2022-07-01T15:16:55+00:00, success
2022-07-01T15:30:56+00:00, success
2022-07-01T15:41:51+00:00, success
2022-07-01T15:51:23+00:00, success
2022-07-01T15:59:22+00:00, success
2022-07-01T16:10:20+00:00, success
2022-07-01T16:25:04+00:00, success
2022-07-01T16:43:46+00:00, success
2022-07-01T17:00:26+00:00, success
2022-07-01T17:13:25+00:00, success
2022-07-01T17:27:30+00:00, success
2022-07-01T17:38:12+00:00, success
2022-07-01T17:46:56+00:00, success
2022-07-01T17:54:57+00:00, success
2022-07-01T18:04:36+00:00, success
2022-07-01T18:17:06+00:00, success
2022-07-01T18:32:26+00:00, success
2022-07-01T18:44:21+00:00, success
2022-07-01T18:54:06+00:00, success
2022-07-01T19:02:59+00:00, success
2022-07-01T19:13:39+00:00, success
2022-07-01T19:23:22+00:00, success
2022-07-01T19:31:34+00:00, success
2022-07-01T19:39:38+00:00, success
2022-07-01T19:47:44+00:00, success
2022-07-01T19:55:46+00:00, success
2022-07-01T20:05:23+00:00, success
2022-07-01T20:17:43+00:00, success
2022-07-01T20:30:29+00:00, success
2022-07-01T20:40:30+00:00, success
2022-07-01T20:48:38+00:00, success
2022-07-01T20:56:44+00:00, success
2022-07-01T21:06:36+00:00, success
2022-07-01T21:18:09+00:00, success
2022-07-01T21:28:23+00:00, success
2022-07-01T21:37:18+00:00, success
2022-07-01T21:45:26+00:00, success
2022-07-01T21:53:27+00:00, success
2022-07-01T22:02:09+00:00, success
2022-07-01T22:13:15+00:00, success
2022-07-01T22:25:20+00:00, success
2022-07-01T22:34:59+00:00, success
2022-07-01T22:43:34+00:00, success
2022-07-01T22:51:32+00:00, success
2022-07-01T22:59:33+00:00, success
2022-07-01T23:09:59+00:00, success
2022-07-01T23:22:57+00:00, success
2022-07-01T23:32:58+00:00, success
2022-07-01T23:42:04+00:00, success
2022-07-01T23:50:02+00:00, success
2022-07-01T23:58:07+00:00, success
2022-07-02T00:27:31+00:00, success
2022-07-02T00:52:07+00:00, success
2022-07-02T01:28:06+00:00, success
2022-07-02T02:20:27+00:00, success
2022-07-02T03:11:06+00:00, success
2022-07-02T03:50:24+00:00, success
2022-07-02T04:11:34+00:00, success
2022-07-02T04:28:13+00:00, success
2022-07-02T04:46:48+00:00, success
2022-07-02T05:00:22+00:00, success
2022-07-02T05:11:40+00:00, success
2022-07-02T05:24:16+00:00, success
2022-07-02T05:33:51+00:00, success
